[1/6] Loading split dataset...
Train: 1625040
Val: 348223
Test: 348224
Sub-technique classes: 99
Parent-technique classes: 61

[2/6] Training parent-technique model...

[3/6] Evaluating parent-technique model...

===== Parent validation classification report =====
              precision    recall  f1-score   support

       T1003       1.00      0.85      0.92      3901
       T1016       0.89      1.00      0.94      1154
       T1018       1.00      0.90      0.95      4823
       T1020       0.35      1.00      0.52       886
       T1021       0.24      0.57      0.34      3471
       T1027       1.00      1.00      1.00       936
       T1033       0.99      0.86      0.92      3052
       T1036       0.52      0.59      0.55      4026
       T1037       0.16      0.82      0.27      2526
       T1047       0.91      0.66      0.76      5457
       T1048       0.94      0.99      0.96      7270
       T1049       0.07      0.98      0.13       448
       T1053       0.96      0.89      0.92     32056
       T1055       0.87      0.77      0.82     17510
       T1059       0.99      0.84      0.91     21799
       T1068       0.53      0.99      0.69      1505
       T1069       0.59      0.58      0.58     10600
       T1070       1.00      1.00      1.00      8014
       T1078       0.39      0.99      0.56      1500
       T1082       1.00      1.00      1.00       971
       T1087       0.82      0.65      0.73      7466
       T1090       0.83      1.00      0.91       125
       T1105       0.66      0.72      0.69       422
       T1112       0.99      0.71      0.83      3802
       T1127       1.00      0.83      0.90      5015
       T1136       0.99      1.00      1.00       959
       T1140       0.49      0.40      0.44       266
       T1189       1.00      1.00      1.00      2195
       T1190       0.12      0.11      0.12       671
       T1197       0.05      0.01      0.01       452
       T1201       0.49      1.00      0.66       902
       T1204       0.90      0.87      0.89      1589
       T1218       0.88      0.71      0.78     12982
       T1220       0.94      1.00      0.97      1181
       T1222       0.73      1.00      0.84      1030
       T1482       0.17      0.66      0.27      2568
       T1485       0.64      0.83      0.73      2529
       T1486       0.60      0.99      0.75      1325
       T1490       1.00      0.96      0.98      1121
       T1497       1.00      1.00      1.00      1617
       T1505       1.00      1.00      1.00     38741
       T1531       1.00      1.00      1.00       874
       T1543       0.98      0.38      0.55      2591
       T1546       0.75      0.52      0.62     11890
       T1547       0.97      0.67      0.79     20520
       T1548       1.00      0.87      0.93     26800
       T1550       0.94      0.47      0.62      3510
       T1552       1.00      1.00      1.00      1682
       T1553       1.00      1.00      1.00       984
       T1555       0.52      1.00      0.68       543
       T1558       0.50      0.75      0.60      3646
       T1560       0.34      0.75      0.47      2599
       T1561       1.00      1.00      1.00       265
       T1562       0.97      0.83      0.89      9594
       T1566       0.93      0.75      0.83     37947
       T1569       1.00      0.99      0.99      1237
       T1572       0.95      0.98      0.96        56
       T1574       1.00      1.00      1.00      1557
       T1588       0.72      1.00      0.84       928
       T1590       1.00      1.00      1.00       982
       T1595       1.00      1.00      1.00      1155

    accuracy                           0.81    348223
   macro avg       0.78      0.83      0.77    348223
weighted avg       0.89      0.81      0.84    348223

Parent validation top-1 accuracy: 0.8093
Parent validation top-3 accuracy: 0.9435
Parent validation top-5 accuracy: 0.9746

===== Parent test classification report =====
              precision    recall  f1-score   support

       T1003       1.00      0.85      0.92      3901
       T1016       0.90      1.00      0.95      1154
       T1018       1.00      0.90      0.95      4824
       T1020       0.35      1.00      0.52       886
       T1021       0.24      0.55      0.34      3471
       T1027       0.99      1.00      1.00       936
       T1033       0.99      0.86      0.92      3052
       T1036       0.52      0.58      0.55      4025
       T1037       0.16      0.81      0.26      2526
       T1047       0.92      0.67      0.78      5457
       T1048       0.94      0.99      0.96      7269
       T1049       0.07      0.96      0.13       448
       T1053       0.96      0.89      0.92     32056
       T1055       0.87      0.76      0.81     17510
       T1059       0.99      0.83      0.91     21799
       T1068       0.53      0.99      0.70      1505
       T1069       0.59      0.59      0.59     10601
       T1070       1.00      1.00      1.00      8014
       T1078       0.38      0.99      0.55      1500
       T1082       1.00      1.00      1.00       971
       T1087       0.81      0.65      0.72      7465
       T1090       0.74      1.00      0.85       125
       T1105       0.65      0.74      0.69       421
       T1112       0.99      0.69      0.82      3802
       T1127       1.00      0.83      0.91      5015
       T1136       1.00      1.00      1.00       958
       T1140       0.50      0.39      0.43       267
       T1189       1.00      1.00      1.00      2195
       T1190       0.10      0.10      0.10       671
       T1197       0.05      0.01      0.02       452
       T1201       0.49      1.00      0.66       902
       T1204       0.90      0.87      0.88      1589
       T1218       0.88      0.71      0.79     12983
       T1220       0.94      1.00      0.97      1180
       T1222       0.72      1.00      0.84      1030
       T1482       0.18      0.68      0.28      2568
       T1485       0.64      0.83      0.72      2529
       T1486       0.62      0.99      0.76      1325
       T1490       1.00      0.95      0.98      1121
       T1497       1.00      1.00      1.00      1617
       T1505       1.00      1.00      1.00     38741
       T1531       1.00      1.00      1.00       874
       T1543       0.98      0.37      0.54      2591
       T1546       0.76      0.52      0.62     11889
       T1547       0.97      0.67      0.79     20520
       T1548       1.00      0.87      0.93     26800
       T1550       0.93      0.48      0.63      3510
       T1552       1.00      1.00      1.00      1683
       T1553       1.00      1.00      1.00       984
       T1555       0.52      1.00      0.69       544
       T1558       0.50      0.75      0.60      3646
       T1560       0.34      0.76      0.47      2599
       T1561       1.00      1.00      1.00       265
       T1562       0.97      0.83      0.89      9595
       T1566       0.93      0.75      0.83     37948
       T1569       1.00      0.99      0.99      1237
       T1572       1.00      0.96      0.98        56
       T1574       1.00      1.00      1.00      1557
       T1588       0.71      1.00      0.83       928
       T1590       0.99      1.00      1.00       982
       T1595       1.00      1.00      1.00      1155

    accuracy                           0.81    348224
   macro avg       0.77      0.83      0.77    348224
weighted avg       0.89      0.81      0.84    348224

Parent test top-1 accuracy: 0.8089
Parent test top-3 accuracy: 0.9438
Parent test top-5 accuracy: 0.9744

[4/6] Training sub-technique model...

[5/6] Evaluating sub-technique model...

===== Sub-technique validation classification report =====
              precision    recall  f1-score   support

       T1003       0.13      0.96      0.22       598
   T1003.001       1.00      1.00      1.00      1199
   T1003.002       1.00      1.00      1.00      1052
   T1003.003       1.00      1.00      1.00      1052
       T1016       0.89      1.00      0.94      1154
       T1018       1.00      0.90      0.95      4823
       T1020       0.50      0.60      0.55       886
   T1021.003       0.37      0.04      0.07      1707
   T1021.006       0.41      0.01      0.03      1764
       T1027       1.00      1.00      1.00       936
       T1033       1.00      0.85      0.92      3052
       T1036       0.26      0.07      0.11       128
   T1036.003       0.95      0.29      0.44      3898
   T1037.001       0.18      0.01      0.02      2526
       T1047       0.91      0.65      0.76      5457
   T1048.003       0.95      0.97      0.96      7270
       T1049       0.09      0.53      0.15       448
   T1053.002       0.04      0.29      0.06       530
   T1053.005       0.96      0.90      0.93     31526
       T1055       0.87      0.76      0.82     17510
       T1059       1.00      0.99      0.99       450
   T1059.001       0.99      0.88      0.93     17149
   T1059.003       0.34      0.24      0.28       519
   T1059.005       1.00      0.73      0.84      3681
       T1068       0.53      1.00      0.70      1505
   T1069.001       0.52      0.77      0.62     10126
   T1069.002       0.06      0.46      0.10       474
       T1070       1.00      1.00      1.00      6092
   T1070.001       1.00      1.00      1.00       934
   T1070.005       1.00      1.00      1.00       988
   T1078.002       0.39      0.99      0.56      1500
       T1082       1.00      1.00      1.00       971
   T1087.001       0.15      0.26      0.19      1664
   T1087.002       0.85      0.82      0.83      5802
   T1090.003       0.82      1.00      0.90       125
       T1105       0.66      0.73      0.69       422
       T1112       1.00      0.71      0.83      3802
       T1127       0.97      0.75      0.85      3049
   T1127.001       1.00      1.00      1.00      1966
   T1136.001       0.99      1.00      1.00       959
       T1140       0.50      0.41      0.45       266
       T1189       1.00      1.00      1.00      2195
       T1190       0.50      0.02      0.04       671
       T1197       0.33      0.00      0.00       452
       T1201       0.49      1.00      0.66       902
       T1204       0.93      1.00      0.96      1386
   T1204.002       0.57      0.02      0.04       203
   T1218.001       0.41      0.93      0.57      1030
   T1218.002       0.40      0.11      0.17      2142
   T1218.004       0.99      0.94      0.96       242
   T1218.005       0.97      1.00      0.98      4348
   T1218.007       0.98      1.00      0.99       264
   T1218.009       0.69      0.36      0.47       668
   T1218.010       0.99      1.00      1.00       497
   T1218.011       1.00      1.00      1.00      2006
   T1218.012       0.25      0.32      0.28      1785
       T1220       0.95      1.00      0.98      1181
   T1222.001       0.75      1.00      0.86      1030
       T1482       0.17      0.35      0.23      2568
       T1485       0.98      0.71      0.82      2529
       T1486       0.61      0.99      0.75      1325
       T1490       1.00      0.96      0.98      1121
   T1497.003       1.00      1.00      1.00      1617
   T1505.003       1.00      1.00      1.00     38741
       T1531       1.00      1.00      1.00       874
   T1543.003       0.99      0.38      0.55      2591
   T1546.001       0.16      0.09      0.12      2223
   T1546.002       0.32      0.79      0.45      4832
   T1546.003       1.00      1.00      1.00      1783
   T1546.008       0.36      0.21      0.27       240
   T1546.011       1.00      1.00      1.00       949
   T1546.012       1.00      1.00      1.00       959
   T1546.015       1.00      1.00      1.00       904
   T1547.001       1.00      1.00      1.00       946
   T1547.003       0.06      0.07      0.06       736
   T1547.010       0.77      0.97      0.86      1380
   T1547.012       1.00      0.65      0.79     17458
       T1548       1.00      1.00      1.00     22844
   T1548.002       0.82      0.41      0.55      3956
       T1550       0.17      0.95      0.29       702
   T1550.002       1.00      1.00      1.00      1500
   T1550.003       0.14      0.17      0.15      1308
   T1552.002       1.00      1.00      1.00      1682
   T1553.004       1.00      1.00      1.00       984
       T1555       0.52      1.00      0.68       543
   T1558.003       1.00      0.46      0.63      3646
   T1560.001       0.34      0.75      0.47      2599
   T1561.002       1.00      1.00      1.00       265
   T1562.001       0.94      0.84      0.89      7469
   T1562.004       1.00      0.89      0.94      2125
   T1566.001       0.97      0.74      0.84     36594
   T1566.002       0.48      0.99      0.65      1353
   T1569.002       1.00      0.99      0.99      1237
       T1572       0.85      0.98      0.91        56
   T1574.009       1.00      1.00      1.00       939
   T1574.011       0.99      1.00      1.00       618
   T1588.002       0.72      1.00      0.84       928
   T1590.002       1.00      1.00      1.00       982
       T1595       1.00      1.00      1.00      1155

    accuracy                           0.81    348223
   macro avg       0.75      0.75      0.71    348223
weighted avg       0.88      0.81      0.82    348223

Sub-technique validation top-1 accuracy: 0.8082
Sub-technique validation top-3 accuracy: 0.9198
Sub-technique validation top-5 accuracy: 0.9587

===== Sub-technique test classification report =====
              precision    recall  f1-score   support

       T1003       0.12      0.96      0.22       598
   T1003.001       1.00      0.99      1.00      1200
   T1003.002       1.00      1.00      1.00      1052
   T1003.003       1.00      1.00      1.00      1051
       T1016       0.90      1.00      0.95      1154
       T1018       1.00      0.90      0.95      4824
       T1020       0.47      0.58      0.52       886
   T1021.003       0.42      0.04      0.08      1707
   T1021.006       0.48      0.03      0.05      1764
       T1027       1.00      1.00      1.00       936
       T1033       1.00      0.86      0.92      3052
       T1036       0.38      0.11      0.17       127
   T1036.003       0.95      0.29      0.44      3898
   T1037.001       0.17      0.01      0.02      2526
       T1047       0.92      0.67      0.77      5457
   T1048.003       0.95      0.97      0.96      7269
       T1049       0.08      0.50      0.14       448
   T1053.002       0.04      0.32      0.07       530
   T1053.005       0.96      0.90      0.93     31526
       T1055       0.87      0.76      0.81     17510
       T1059       1.00      0.99      1.00       450
   T1059.001       0.99      0.87      0.93     17149
   T1059.003       0.36      0.22      0.28       519
   T1059.005       1.00      0.75      0.86      3681
       T1068       0.53      1.00      0.70      1505
   T1069.001       0.53      0.78      0.63     10126
   T1069.002       0.06      0.48      0.11       475
       T1070       1.00      1.00      1.00      6092
   T1070.001       1.00      1.00      1.00       934
   T1070.005       1.00      1.00      1.00       988
   T1078.002       0.38      0.99      0.55      1500
       T1082       1.00      1.00      1.00       971
   T1087.001       0.15      0.25      0.18      1663
   T1087.002       0.83      0.82      0.83      5802
   T1090.003       0.81      1.00      0.90       125
       T1105       0.65      0.74      0.69       421
       T1112       1.00      0.69      0.82      3802
       T1127       0.97      0.75      0.85      3049
   T1127.001       1.00      1.00      1.00      1966
   T1136.001       1.00      1.00      1.00       958
       T1140       0.50      0.39      0.44       267
       T1189       1.00      1.00      1.00      2195
       T1190       0.48      0.02      0.04       671
       T1197       0.00      0.00      0.00       452
       T1201       0.49      1.00      0.66       902
       T1204       0.92      1.00      0.96      1386
   T1204.002       0.18      0.01      0.02       203
   T1218.001       0.42      0.93      0.58      1030
   T1218.002       0.46      0.12      0.19      2142
   T1218.004       1.00      0.92      0.96       242
   T1218.005       0.97      1.00      0.98      4348
   T1218.007       0.99      1.00      1.00       264
   T1218.009       0.72      0.41      0.52       669
   T1218.010       0.99      1.00      1.00       497
   T1218.011       1.00      1.00      1.00      2006
   T1218.012       0.24      0.32      0.28      1785
       T1220       0.95      1.00      0.98      1180
   T1222.001       0.74      1.00      0.85      1030
       T1482       0.18      0.37      0.24      2568
       T1485       0.99      0.70      0.82      2529
       T1486       0.63      0.99      0.77      1325
       T1490       1.00      0.95      0.98      1121
   T1497.003       1.00      1.00      1.00      1617
   T1505.003       1.00      1.00      1.00     38741
       T1531       1.00      1.00      1.00       874
   T1543.003       1.00      0.37      0.54      2591
   T1546.001       0.15      0.09      0.11      2223
   T1546.002       0.32      0.77      0.45      4832
   T1546.003       1.00      1.00      1.00      1783
   T1546.008       0.25      0.16      0.19       240
   T1546.011       1.00      1.00      1.00       949
   T1546.012       1.00      1.00      1.00       958
   T1546.015       1.00      1.00      1.00       904
   T1547.001       1.00      1.00      1.00       946
   T1547.003       0.07      0.09      0.08       736
   T1547.010       0.77      0.96      0.85      1380
   T1547.012       1.00      0.66      0.79     17458
       T1548       1.00      1.00      1.00     22844
   T1548.002       0.81      0.39      0.53      3956
       T1550       0.17      0.98      0.30       702
   T1550.002       1.00      1.00      1.00      1500
   T1550.003       0.16      0.18      0.17      1308
   T1552.002       1.00      1.00      1.00      1683
   T1553.004       1.00      1.00      1.00       984
       T1555       0.52      1.00      0.68       544
   T1558.003       0.99      0.45      0.62      3646
   T1560.001       0.34      0.76      0.47      2599
   T1561.002       1.00      1.00      1.00       265
   T1562.001       0.94      0.83      0.89      7470
   T1562.004       1.00      0.89      0.94      2125
   T1566.001       0.97      0.74      0.84     36595
   T1566.002       0.49      0.99      0.66      1353
   T1569.002       1.00      0.99      0.99      1237
       T1572       0.81      0.96      0.88        56
   T1574.009       1.00      1.00      1.00       939
   T1574.011       0.98      1.00      0.99       618
   T1588.002       0.71      1.00      0.83       928
   T1590.002       0.99      1.00      1.00       982
       T1595       1.00      1.00      1.00      1155

    accuracy                           0.81    348224
   macro avg       0.74      0.75      0.71    348224
weighted avg       0.88      0.81      0.82    348224

Sub-technique test top-1 accuracy: 0.8080
Sub-technique test top-3 accuracy: 0.9200
Sub-technique test top-5 accuracy: 0.9591

[6/6] Saving prediction report...
Saved:
models/tfidf_sgd_parent.joblib
models/tfidf_sgd_subtechnique.joblib
reports/hierarchical_classical_ml_test_predictions.csv

Done in 205.70 seconds
