[1/6] Loading sequence dataset...
Train sequences: 266
Val sequences: 237
Test sequences: 241
Technique classes: 99
Parent classes: 61

[2/6] Training sequence parent-technique model...

[3/6] Evaluating sequence parent-technique model...

===== Sequence parent validation classification report =====
              precision    recall  f1-score   support

       T1003       0.67      0.40      0.50         5
       T1016       0.50      1.00      0.67         1
       T1018       0.00      0.00      0.00         2
       T1020       0.50      1.00      0.67         1
       T1021       0.43      0.86      0.57         7
       T1027       1.00      0.50      0.67         2
       T1033       0.00      0.00      0.00         3
       T1036       0.29      0.50      0.36         4
       T1037       0.00      0.00      0.00         1
       T1047       0.60      0.60      0.60         5
       T1048       0.17      0.80      0.29         5
       T1049       0.00      0.00      0.00         1
       T1053       0.40      0.22      0.29         9
       T1055       0.80      0.57      0.67         7
       T1059       0.44      0.46      0.45        24
       T1068       1.00      0.67      0.80         3
       T1069       1.00      0.33      0.50         3
       T1070       0.00      0.00      0.00         4
       T1078       0.00      0.00      0.00         1
       T1082       0.00      0.00      0.00         1
       T1087       0.33      0.33      0.33         3
       T1090       1.00      1.00      1.00         1
       T1105       0.67      0.67      0.67         3
       T1112       0.75      0.60      0.67        10
       T1127       0.00      0.00      0.00         4
       T1136       0.00      0.00      0.00         1
       T1140       0.67      1.00      0.80         2
       T1189       0.00      0.00      0.00         1
       T1190       0.60      1.00      0.75         3
       T1197       0.50      1.00      0.67         1
       T1201       0.00      0.00      0.00         1
       T1204       0.67      0.50      0.57         4
       T1218       0.62      0.57      0.59        14
       T1220       1.00      1.00      1.00         1
       T1222       0.00      0.00      0.00         1
       T1482       0.20      0.50      0.29         2
       T1485       0.83      0.71      0.77         7
       T1486       1.00      0.50      0.67         2
       T1490       1.00      0.50      0.67         2
       T1497       0.00      0.00      0.00         1
       T1505       1.00      1.00      1.00         4
       T1531       0.00      0.00      0.00         1
       T1543       0.50      0.25      0.33         4
       T1546       0.50      0.12      0.20         8
       T1547       0.17      0.38      0.23         8
       T1548       0.44      0.50      0.47         8
       T1550       1.00      0.25      0.40         4
       T1552       0.00      0.00      0.00         1
       T1553       0.00      0.00      0.00         1
       T1555       0.00      0.00      0.00         1
       T1558       0.00      0.00      0.00         3
       T1560       0.00      0.00      0.00         1
       T1561       0.33      1.00      0.50         1
       T1562       0.69      0.64      0.67        14
       T1566       0.54      0.50      0.52        14
       T1569       1.00      0.50      0.67         2
       T1572       1.00      1.00      1.00         3
       T1574       0.00      0.00      0.00         2
       T1588       0.00      0.00      0.00         1
       T1590       1.00      1.00      1.00         1
       T1595       1.00      1.00      1.00         2

    accuracy                           0.48       237
   macro avg       0.44      0.43      0.40       237
weighted avg       0.52      0.48      0.47       237

Sequence parent validation top-1 accuracy: 0.4557
Sequence parent validation top-3 accuracy: 0.5992
Sequence parent validation top-5 accuracy: 0.6118

===== Sequence parent test classification report =====
              precision    recall  f1-score   support

       T1003       0.80      0.67      0.73         6
       T1016       0.50      1.00      0.67         1
       T1018       0.00      0.00      0.00         2
       T1020       0.50      1.00      0.67         1
       T1021       0.36      0.71      0.48         7
       T1027       1.00      0.67      0.80         3
       T1033       1.00      0.25      0.40         4
       T1036       0.29      0.50      0.36         4
       T1037       0.00      0.00      0.00         1
       T1047       0.50      0.40      0.44         5
       T1048       0.10      0.40      0.15         5
       T1049       0.00      0.00      0.00         1
       T1053       0.33      0.33      0.33         9
       T1055       0.80      0.89      0.84         9
       T1059       0.52      0.52      0.52        23
       T1068       1.00      0.67      0.80         3
       T1069       1.00      0.33      0.50         3
       T1070       0.00      0.00      0.00         4
       T1078       0.00      0.00      0.00         1
       T1082       0.00      0.00      0.00         1
       T1087       0.67      0.67      0.67         3
       T1090       1.00      1.00      1.00         1
       T1105       0.67      0.67      0.67         3
       T1112       0.67      0.44      0.53         9
       T1127       1.00      0.25      0.40         4
       T1136       1.00      0.50      0.67         2
       T1140       0.67      1.00      0.80         2
       T1189       0.00      0.00      0.00         1
       T1190       1.00      0.75      0.86         4
       T1197       0.50      1.00      0.67         1
       T1201       1.00      1.00      1.00         1
       T1204       1.00      0.75      0.86         4
       T1218       0.47      0.58      0.52        12
       T1220       1.00      1.00      1.00         1
       T1222       0.00      0.00      0.00         1
       T1482       0.33      1.00      0.50         2
       T1485       1.00      0.67      0.80         6
       T1486       0.50      0.50      0.50         2
       T1490       1.00      0.50      0.67         2
       T1497       0.00      0.00      0.00         1
       T1505       1.00      1.00      1.00         5
       T1531       0.00      0.00      0.00         1
       T1543       0.00      0.00      0.00         4
       T1546       0.75      0.33      0.46         9
       T1547       0.21      0.50      0.30         8
       T1548       0.50      0.50      0.50         8
       T1550       1.00      0.25      0.40         4
       T1552       0.00      0.00      0.00         1
       T1553       0.00      0.00      0.00         1
       T1555       1.00      1.00      1.00         1
       T1558       0.00      0.00      0.00         3
       T1560       0.00      0.00      0.00         1
       T1561       0.50      1.00      0.67         1
       T1562       0.85      0.73      0.79        15
       T1566       0.55      0.46      0.50        13
       T1569       0.00      0.00      0.00         2
       T1572       1.00      1.00      1.00         3
       T1574       0.00      0.00      0.00         2
       T1588       0.00      0.00      0.00         1
       T1590       0.00      0.00      0.00         1
       T1595       1.00      0.50      0.67         2

    accuracy                           0.51       241
   macro avg       0.50      0.46      0.44       241
weighted avg       0.58      0.51      0.51       241

Sequence parent test top-1 accuracy: 0.4855
Sequence parent test top-3 accuracy: 0.5768
Sequence parent test top-5 accuracy: 0.5892

[4/6] Training sequence sub-technique model...

[5/6] Evaluating sequence sub-technique model...

===== Sequence sub-technique validation classification report =====
              precision    recall  f1-score   support

       T1003       0.00      0.00      0.00         1
   T1003.001       1.00      0.50      0.67         2
   T1003.002       1.00      1.00      1.00         1
   T1003.003       0.00      0.00      0.00         1
       T1016       0.50      1.00      0.67         1
       T1018       0.00      0.00      0.00         2
       T1020       0.50      1.00      0.67         1
   T1021.003       0.00      0.00      0.00         4
   T1021.006       0.00      0.00      0.00         3
       T1027       0.50      0.50      0.50         2
       T1033       0.00      0.00      0.00         3
       T1036       0.50      1.00      0.67         1
   T1036.003       1.00      0.33      0.50         3
   T1037.001       0.00      0.00      0.00         1
       T1047       0.33      0.20      0.25         5
   T1048.003       0.57      0.80      0.67         5
       T1049       0.00      0.00      0.00         1
   T1053.002       0.00      0.00      0.00         1
   T1053.005       0.67      0.25      0.36         8
       T1055       1.00      0.57      0.73         7
       T1059       0.50      0.67      0.57         3
   T1059.001       0.32      0.79      0.46        14
   T1059.003       0.00      0.00      0.00         4
   T1059.005       0.00      0.00      0.00         3
       T1068       1.00      0.33      0.50         3
   T1069.001       0.00      0.00      0.00         1
   T1069.002       1.00      0.50      0.67         2
       T1070       0.00      0.00      0.00         2
   T1070.001       0.00      0.00      0.00         1
   T1070.005       0.00      0.00      0.00         1
   T1078.002       0.00      0.00      0.00         1
       T1082       0.00      0.00      0.00         1
   T1087.001       0.00      0.00      0.00         1
   T1087.002       0.25      0.50      0.33         2
   T1090.003       1.00      1.00      1.00         1
       T1105       0.50      0.67      0.57         3
       T1112       0.50      0.70      0.58        10
       T1127       0.00      0.00      0.00         2
   T1127.001       0.00      0.00      0.00         2
   T1136.001       0.00      0.00      0.00         1
       T1140       0.50      0.50      0.50         2
       T1189       0.00      0.00      0.00         1
       T1190       1.00      1.00      1.00         3
       T1197       0.50      1.00      0.67         1
       T1201       0.00      0.00      0.00         1
       T1204       1.00      1.00      1.00         1
   T1204.002       0.50      0.67      0.57         3
   T1218.001       0.50      1.00      0.67         2
   T1218.002       0.00      0.00      0.00         1
   T1218.004       1.00      1.00      1.00         2
   T1218.005       0.25      0.33      0.29         3
   T1218.007       1.00      1.00      1.00         1
   T1218.009       0.00      0.00      0.00         1
   T1218.010       0.00      0.00      0.00         1
   T1218.011       1.00      0.50      0.67         2
   T1218.012       1.00      1.00      1.00         1
       T1220       1.00      1.00      1.00         1
   T1222.001       0.00      0.00      0.00         1
       T1482       0.17      0.50      0.25         2
       T1485       1.00      1.00      1.00         7
       T1486       0.00      0.00      0.00         2
       T1490       1.00      0.50      0.67         2
   T1497.003       0.00      0.00      0.00         1
   T1505.003       0.57      1.00      0.73         4
       T1531       0.00      0.00      0.00         1
   T1543.003       0.40      0.50      0.44         4
   T1546.001       0.00      0.00      0.00         1
   T1546.002       0.00      0.00      0.00         1
   T1546.003       1.00      0.50      0.67         2
   T1546.008       0.17      1.00      0.29         1
   T1546.011       0.00      0.00      0.00         1
   T1546.012       1.00      1.00      1.00         1
   T1546.015       0.00      0.00      0.00         1
   T1547.001       1.00      0.50      0.67         2
   T1547.003       0.00      0.00      0.00         1
   T1547.010       0.00      0.00      0.00         2
   T1547.012       0.14      0.33      0.20         3
       T1548       1.00      0.67      0.80         3
   T1548.002       0.40      0.40      0.40         5
       T1550       0.00      0.00      0.00         1
   T1550.002       0.00      0.00      0.00         1
   T1550.003       0.00      0.00      0.00         2
   T1552.002       0.00      0.00      0.00         1
   T1553.004       0.00      0.00      0.00         1
       T1555       1.00      1.00      1.00         1
   T1558.003       0.00      0.00      0.00         3
   T1560.001       0.50      1.00      0.67         1
   T1561.002       0.00      0.00      0.00         1
   T1562.001       0.43      0.77      0.56        13
   T1562.004       0.00      0.00      0.00         1
   T1566.001       0.71      0.42      0.53        12
   T1566.002       1.00      0.50      0.67         2
   T1569.002       1.00      0.50      0.67         2
       T1572       1.00      1.00      1.00         3
   T1574.009       0.00      0.00      0.00         1
   T1574.011       0.00      0.00      0.00         1
   T1588.002       0.00      0.00      0.00         1
   T1590.002       0.00      0.00      0.00         1
       T1595       1.00      1.00      1.00         2

    accuracy                           0.46       237
   macro avg       0.37      0.37      0.34       237
weighted avg       0.46      0.46      0.43       237

Sequence sub-technique validation top-1 accuracy: 0.4388
Sequence sub-technique validation top-3 accuracy: 0.5485
Sequence sub-technique validation top-5 accuracy: 0.5612

===== Sequence sub-technique test classification report =====
              precision    recall  f1-score   support

       T1003       0.50      1.00      0.67         1
   T1003.001       1.00      0.67      0.80         3
   T1003.002       1.00      1.00      1.00         1
   T1003.003       0.00      0.00      0.00         1
       T1016       0.00      0.00      0.00         1
       T1018       0.00      0.00      0.00         2
       T1020       1.00      1.00      1.00         1
   T1021.003       1.00      0.25      0.40         4
   T1021.006       0.25      0.33      0.29         3
       T1027       1.00      1.00      1.00         3
       T1033       0.67      0.50      0.57         4
       T1036       0.33      1.00      0.50         1
   T1036.003       0.00      0.00      0.00         3
   T1037.001       0.00      0.00      0.00         1
       T1047       0.25      0.20      0.22         5
   T1048.003       0.75      0.60      0.67         5
       T1049       0.00      0.00      0.00         1
   T1053.002       0.00      0.00      0.00         1
   T1053.005       0.67      0.25      0.36         8
       T1055       1.00      0.78      0.88         9
       T1059       1.00      0.75      0.86         4
   T1059.001       0.20      0.46      0.28        13
   T1059.003       0.07      0.25      0.11         4
   T1059.005       0.00      0.00      0.00         2
       T1068       0.67      0.67      0.67         3
   T1069.001       0.00      0.00      0.00         1
   T1069.002       1.00      0.50      0.67         2
       T1070       0.00      0.00      0.00         2
   T1070.001       0.00      0.00      0.00         1
   T1070.005       0.00      0.00      0.00         1
   T1078.002       0.00      0.00      0.00         1
       T1082       0.00      0.00      0.00         1
   T1087.001       0.00      0.00      0.00         1
   T1087.002       0.50      1.00      0.67         2
   T1090.003       1.00      1.00      1.00         1
       T1105       1.00      0.67      0.80         3
       T1112       0.50      0.78      0.61         9
       T1127       0.00      0.00      0.00         2
   T1127.001       0.00      0.00      0.00         2
   T1136.001       1.00      0.50      0.67         2
       T1140       0.67      1.00      0.80         2
       T1189       0.00      0.00      0.00         1
       T1190       1.00      0.75      0.86         4
       T1197       0.50      1.00      0.67         1
       T1201       0.00      0.00      0.00         1
       T1204       1.00      1.00      1.00         1
   T1204.002       0.40      0.67      0.50         3
   T1218.001       0.50      1.00      0.67         1
   T1218.002       0.00      0.00      0.00         1
   T1218.004       1.00      0.50      0.67         2
   T1218.005       0.50      0.50      0.50         2
   T1218.007       1.00      1.00      1.00         1
   T1218.009       0.00      0.00      0.00         1
   T1218.010       0.00      0.00      0.00         1
   T1218.011       1.00      0.50      0.67         2
   T1218.012       0.00      0.00      0.00         1
       T1220       1.00      1.00      1.00         1
   T1222.001       0.00      0.00      0.00         1
       T1482       0.29      1.00      0.44         2
       T1485       1.00      1.00      1.00         6
       T1486       0.00      0.00      0.00         2
       T1490       1.00      0.50      0.67         2
   T1497.003       0.00      0.00      0.00         1
   T1505.003       0.62      1.00      0.77         5
       T1531       0.00      0.00      0.00         1
   T1543.003       0.60      0.75      0.67         4
   T1546.001       0.00      0.00      0.00         1
   T1546.002       0.00      0.00      0.00         1
   T1546.003       1.00      0.50      0.67         2
   T1546.008       0.25      1.00      0.40         1
   T1546.011       0.00      0.00      0.00         1
   T1546.012       1.00      1.00      1.00         1
   T1546.015       1.00      0.50      0.67         2
   T1547.001       1.00      0.50      0.67         2
   T1547.003       0.50      1.00      0.67         1
   T1547.010       0.00      0.00      0.00         2
   T1547.012       0.17      0.33      0.22         3
       T1548       0.50      0.67      0.57         3
   T1548.002       0.40      0.40      0.40         5
       T1550       0.00      0.00      0.00         1
   T1550.002       0.00      0.00      0.00         1
   T1550.003       0.00      0.00      0.00         2
   T1552.002       0.00      0.00      0.00         1
   T1553.004       0.00      0.00      0.00         1
       T1555       1.00      1.00      1.00         1
   T1558.003       1.00      0.33      0.50         3
   T1560.001       0.00      0.00      0.00         1
   T1561.002       0.00      0.00      0.00         1
   T1562.001       0.48      0.79      0.59        14
   T1562.004       0.00      0.00      0.00         1
   T1566.001       0.80      0.33      0.47        12
   T1566.002       0.00      0.00      0.00         1
   T1569.002       1.00      0.50      0.67         2
       T1572       1.00      0.67      0.80         3
   T1574.009       0.00      0.00      0.00         1
   T1574.011       0.00      0.00      0.00         1
   T1588.002       0.00      0.00      0.00         1
   T1590.002       0.00      0.00      0.00         1
       T1595       1.00      1.00      1.00         2

    accuracy                           0.49       241
   macro avg       0.41      0.39      0.37       241
weighted avg       0.53      0.49      0.47       241

Sequence sub-technique test top-1 accuracy: 0.4730
Sequence sub-technique test top-3 accuracy: 0.5394
Sequence sub-technique test top-5 accuracy: 0.5519

[6/6] Saving sequence prediction report...
Saved:
models/tfidf_sgd_sequence_parent.joblib
models/tfidf_sgd_sequence_subtechnique.joblib
reports/sequence_classical_ml_test_predictions.csv

Done in 1.23 seconds
